c:\users\craig\desktop\argot\driver\argodriver\argodriver\debug\vc140.pdb
c:\users\craig\desktop\argot\driver\argodriver\argodriver\debug\vc140.idb
c:\users\craig\desktop\argot\driver\argodriver\argodriver\debug\camera.obj
c:\users\craig\desktop\argot\driver\argodriver\argodriver\debug\cube.obj
c:\users\craig\desktop\argot\driver\argodriver\argodriver\debug\gameoverscene.obj
c:\users\craig\desktop\argot\driver\argodriver\argodriver\debug\mainmenuscene.obj
c:\users\craig\desktop\argot\driver\argodriver\argodriver\debug\mesh.obj
c:\users\craig\desktop\argot\driver\argodriver\argodriver\debug\model.obj
c:\users\craig\desktop\argot\driver\argodriver\argodriver\debug\scene.obj
c:\users\craig\desktop\argot\driver\argodriver\argodriver\debug\scenemanager.obj
c:\users\craig\desktop\argot\driver\argodriver\argodriver\debug\skybox.obj
c:\users\craig\desktop\argot\driver\argodriver\argodriver\debug\gamescene.obj
c:\users\craig\desktop\argot\driver\argodriver\argodriver\debug\game.obj
c:\users\craig\desktop\argot\driver\argodriver\argodriver\debug\main.obj
c:\users\craig\desktop\argot\driver\argodriver\debug\argodriver.ilk
c:\users\craig\desktop\argot\driver\argodriver\debug\argodriver.exe
c:\users\craig\desktop\argot\driver\argodriver\debug\argodriver.pdb
c:\users\craig\desktop\argot\driver\argodriver\argodriver\debug\flinputmanager.obj
c:\users\craig\desktop\argot\driver\argodriver\argodriver\debug\shader.obj
c:\users\craig\desktop\argot\driver\argodriver\argodriver\debug\systems.obj
c:\users\craig\desktop\argot\driver\argodriver\argodriver\debug\argodriver.tlog\cl.command.1.tlog
c:\users\craig\desktop\argot\driver\argodriver\argodriver\debug\argodriver.tlog\cl.read.1.tlog
c:\users\craig\desktop\argot\driver\argodriver\argodriver\debug\argodriver.tlog\cl.write.1.tlog
c:\users\craig\desktop\argot\driver\argodriver\argodriver\debug\argodriver.tlog\link.command.1.tlog
c:\users\craig\desktop\argot\driver\argodriver\argodriver\debug\argodriver.tlog\link.read.1.tlog
c:\users\craig\desktop\argot\driver\argodriver\argodriver\debug\argodriver.tlog\link.write.1.tlog
