LINK : warning LNK4098: defaultlib 'MSVCRTD' conflicts with use of other libs; use /NODEFAULTLIB:library
LINK : warning LNK4098: defaultlib 'LIBCMT' conflicts with use of other libs; use /NODEFAULTLIB:library
Mesh.obj : warning LNK4049: locally defined symbol ___glewActiveTexture imported
Mesh.obj : warning LNK4049: locally defined symbol ___glewBindBuffer imported
Mesh.obj : warning LNK4049: locally defined symbol ___glewBufferData imported
Mesh.obj : warning LNK4049: locally defined symbol ___glewGenBuffers imported
Mesh.obj : warning LNK4049: locally defined symbol ___glewEnableVertexAttribArray imported
Mesh.obj : warning LNK4049: locally defined symbol ___glewGetUniformLocation imported
Mesh.obj : warning LNK4049: locally defined symbol ___glewUniform1f imported
Mesh.obj : warning LNK4049: locally defined symbol ___glewUniform1i imported
Mesh.obj : warning LNK4049: locally defined symbol ___glewVertexAttribPointer imported
Mesh.obj : warning LNK4049: locally defined symbol ___glewBindVertexArray imported
Mesh.obj : warning LNK4049: locally defined symbol ___glewGenVertexArrays imported
Model.obj : warning LNK4049: locally defined symbol ___glewGenerateMipmap imported
GameScene.obj : error LNK2019: unresolved external symbol __imp__glBindTexture@8 referenced in function "public: __thiscall GameScene::GameScene(float,float)" (??0GameScene@@QAE@MM@Z)
Mesh.obj : error LNK2001: unresolved external symbol __imp__glBindTexture@8
Model.obj : error LNK2001: unresolved external symbol __imp__glBindTexture@8
SOIL.lib(SOIL.obj) : error LNK2001: unresolved external symbol __imp__glBindTexture@8
GameScene.obj : error LNK2019: unresolved external symbol __imp__glDrawArrays@12 referenced in function "public: virtual void __thiscall GameScene::draw(void)" (?draw@GameScene@@UAEXXZ)
GameScene.obj : error LNK2019: unresolved external symbol __imp__glGenTextures@8 referenced in function "public: __thiscall GameScene::GameScene(float,float)" (??0GameScene@@QAE@MM@Z)
Model.obj : error LNK2001: unresolved external symbol __imp__glGenTextures@8
SOIL.lib(SOIL.obj) : error LNK2001: unresolved external symbol __imp__glGenTextures@8
GameScene.obj : error LNK2019: unresolved external symbol __imp__glTexImage2D@36 referenced in function "public: __thiscall GameScene::GameScene(float,float)" (??0GameScene@@QAE@MM@Z)
Model.obj : error LNK2001: unresolved external symbol __imp__glTexImage2D@36
SOIL.lib(SOIL.obj) : error LNK2001: unresolved external symbol __imp__glTexImage2D@36
GameScene.obj : error LNK2019: unresolved external symbol __imp__glTexParameteri@12 referenced in function "public: __thiscall GameScene::GameScene(float,float)" (??0GameScene@@QAE@MM@Z)
Model.obj : error LNK2001: unresolved external symbol __imp__glTexParameteri@12
SOIL.lib(SOIL.obj) : error LNK2001: unresolved external symbol __imp__glTexParameteri@12
GameScene.obj : error LNK2019: unresolved external symbol _glfwGetTime referenced in function "public: virtual void __thiscall GameScene::update(float)" (?update@GameScene@@UAEXM@Z)
Main.obj : error LNK2001: unresolved external symbol _glfwGetTime
Main.obj : error LNK2019: unresolved external symbol __imp__glClear@4 referenced in function _SDL_main
Main.obj : error LNK2019: unresolved external symbol __imp__glClearColor@16 referenced in function _SDL_main
Main.obj : error LNK2019: unresolved external symbol __imp__glEnable@4 referenced in function _SDL_main
Main.obj : error LNK2019: unresolved external symbol _glfwInit referenced in function _SDL_main
Mesh.obj : error LNK2019: unresolved external symbol __imp__glDrawElements@16 referenced in function "public: void __thiscall Mesh::Draw(class Shader)" (?Draw@Mesh@@QAEXVShader@@@Z)
SOIL.lib(SOIL.obj) : error LNK2019: unresolved external symbol __imp__wglGetProcAddress@4 referenced in function _query_DXT_capability
glew32s.lib(glew.obj) : error LNK2001: unresolved external symbol __imp__wglGetProcAddress@4
SOIL.lib(SOIL.obj) : error LNK2019: unresolved external symbol __imp__glDeleteTextures@8 referenced in function _SOIL_direct_load_DDS_from_memory
SOIL.lib(SOIL.obj) : error LNK2019: unresolved external symbol __imp__glGetIntegerv@8 referenced in function _SOIL_internal_create_OGL_texture
glew32s.lib(glew.obj) : error LNK2001: unresolved external symbol __imp__glGetIntegerv@8
SOIL.lib(SOIL.obj) : error LNK2019: unresolved external symbol __imp__glGetString@4 referenced in function _query_DXT_capability
glew32s.lib(glew.obj) : error LNK2001: unresolved external symbol __imp__glGetString@4
SOIL.lib(SOIL.obj) : error LNK2019: unresolved external symbol __imp__glReadPixels@28 referenced in function _SOIL_save_screenshot
glew32s.lib(glew.obj) : error LNK2019: unresolved external symbol __imp__wglGetCurrentDC@0 referenced in function _wglewGetExtension@4
C:\ARGO\Driver\ArgoDriver\Debug\ArgoDriver.exe : fatal error LNK1120: 17 unresolved externals
