  Cube.cpp
  Game.cpp
Game.cpp(21): warning C4244: 'argument': conversion from 'GLuint' to 'float', possible loss of data
  GameOverScene.cpp
  GameScene.cpp
  Main.cpp
Main.cpp(43): warning C4244: 'initializing': conversion from 'double' to 'GLfloat', possible loss of data
Main.cpp(166): warning C4244: '=': conversion from 'double' to 'GLfloat', possible loss of data
  MainMenuScene.cpp
  Mesh.cpp
Mesh.cpp(15): warning C4018: '<': signed/unsigned mismatch
  Model.cpp
  Scene.cpp
  SceneManager.cpp
SceneManager.cpp(57): warning C4018: '<': signed/unsigned mismatch
SceneManager.cpp(97): warning C4018: '<': signed/unsigned mismatch
SOIL.lib(SOIL.obj) : warning LNK4075: ignoring '/EDITANDCONTINUE' due to '/OPT:ICF' specification
LINK : warning LNK4098: defaultlib 'MSVCRTD' conflicts with use of other libs; use /NODEFAULTLIB:library
LINK : warning LNK4098: defaultlib 'LIBCMT' conflicts with use of other libs; use /NODEFAULTLIB:library
Model.obj : error LNK2001: unresolved external symbol _aiGetMaterialTextureCount
Model.obj : error LNK2001: unresolved external symbol "public: char const * __thiscall Assimp::Importer::GetErrorString(void)const " (?GetErrorString@Importer@Assimp@@QBEPBDXZ)
Model.obj : error LNK2001: unresolved external symbol "public: struct aiScene const * __thiscall Assimp::Importer::ReadFile(char const *,unsigned int)" (?ReadFile@Importer@Assimp@@QAEPBUaiScene@@PBDI@Z)
Model.obj : error LNK2001: unresolved external symbol "public: __thiscall Assimp::Importer::~Importer(void)" (??1Importer@Assimp@@QAE@XZ)
Model.obj : error LNK2001: unresolved external symbol "public: __thiscall Assimp::Importer::Importer(void)" (??0Importer@Assimp@@QAE@XZ)
Model.obj : error LNK2001: unresolved external symbol _aiGetMaterialTexture
C:\ARGO\Driver\ArgoDriver\Release\ArgoDriver.exe : fatal error LNK1120: 6 unresolved externals
