glfw3.lib(win32_joystick.c.obj) : error LNK2001: unresolved external symbol @__security_check_cookie@4
glfw3.lib(wgl_context.c.obj) : error LNK2001: unresolved external symbol @__security_check_cookie@4
glfw3.lib(egl_context.c.obj) : error LNK2001: unresolved external symbol @__security_check_cookie@4
glfw3.lib(win32_window.c.obj) : error LNK2001: unresolved external symbol @__security_check_cookie@4
glfw3.lib(win32_init.c.obj) : error LNK2001: unresolved external symbol @__security_check_cookie@4
glfw3.lib(win32_monitor.c.obj) : error LNK2001: unresolved external symbol @__security_check_cookie@4
glfw3.lib(monitor.c.obj) : error LNK2001: unresolved external symbol @__security_check_cookie@4
main.obj : error LNK2001: unresolved external symbol @__security_check_cookie@4
glfw3.lib(context.c.obj) : error LNK2001: unresolved external symbol @__security_check_cookie@4
glfw3.lib(window.c.obj) : error LNK2001: unresolved external symbol @__security_check_cookie@4
glfw3.lib(init.c.obj) : error LNK2001: unresolved external symbol @__security_check_cookie@4
main.obj : error LNK2001: unresolved external symbol _glewExperimental
main.obj : error LNK2001: unresolved external symbol ___std_terminate
main.obj : error LNK2001: unresolved external symbol _glewInit@0
LINK : error LNK2001: unresolved external symbol _mainCRTStartup
glfw3.lib(context.c.obj) : error LNK2001: unresolved external symbol __imp__strstr
glfw3.lib(win32_joystick.c.obj) : error LNK2001: unresolved external symbol __imp__strstr
glfw3.lib(context.c.obj) : error LNK2001: unresolved external symbol __imp__strncmp
glfw3.lib(egl_context.c.obj) : error LNK2001: unresolved external symbol __imp__strncmp
glfw3.lib(context.c.obj) : error LNK2001: unresolved external symbol __imp____stdio_common_vsscanf
glfw3.lib(wgl_context.c.obj) : error LNK2001: unresolved external symbol ___security_cookie
glfw3.lib(egl_context.c.obj) : error LNK2001: unresolved external symbol ___security_cookie
glfw3.lib(win32_init.c.obj) : error LNK2001: unresolved external symbol ___security_cookie
glfw3.lib(win32_monitor.c.obj) : error LNK2001: unresolved external symbol ___security_cookie
glfw3.lib(monitor.c.obj) : error LNK2001: unresolved external symbol ___security_cookie
glfw3.lib(win32_joystick.c.obj) : error LNK2001: unresolved external symbol ___security_cookie
glfw3.lib(context.c.obj) : error LNK2001: unresolved external symbol ___security_cookie
glfw3.lib(window.c.obj) : error LNK2001: unresolved external symbol ___security_cookie
glfw3.lib(init.c.obj) : error LNK2001: unresolved external symbol ___security_cookie
glfw3.lib(win32_window.c.obj) : error LNK2001: unresolved external symbol ___security_cookie
glfw3.lib(wgl_context.c.obj) : error LNK2001: unresolved external symbol __imp__calloc
glfw3.lib(egl_context.c.obj) : error LNK2001: unresolved external symbol __imp__calloc
glfw3.lib(win32_monitor.c.obj) : error LNK2001: unresolved external symbol __imp__calloc
glfw3.lib(monitor.c.obj) : error LNK2001: unresolved external symbol __imp__calloc
glfw3.lib(vulkan.c.obj) : error LNK2001: unresolved external symbol __imp__calloc
glfw3.lib(win32_joystick.c.obj) : error LNK2001: unresolved external symbol __imp__calloc
glfw3.lib(window.c.obj) : error LNK2001: unresolved external symbol __imp__calloc
glfw3.lib(win32_window.c.obj) : error LNK2001: unresolved external symbol __imp__calloc
glfw3.lib(input.c.obj) : error LNK2001: unresolved external symbol __imp__calloc
glfw3.lib(win32_init.c.obj) : error LNK2001: unresolved external symbol __imp__calloc
glfw3.lib(wgl_context.c.obj) : error LNK2001: unresolved external symbol __imp__free
glfw3.lib(egl_context.c.obj) : error LNK2001: unresolved external symbol __imp__free
glfw3.lib(win32_monitor.c.obj) : error LNK2001: unresolved external symbol __imp__free
glfw3.lib(monitor.c.obj) : error LNK2001: unresolved external symbol __imp__free
glfw3.lib(vulkan.c.obj) : error LNK2001: unresolved external symbol __imp__free
glfw3.lib(win32_joystick.c.obj) : error LNK2001: unresolved external symbol __imp__free
glfw3.lib(window.c.obj) : error LNK2001: unresolved external symbol __imp__free
glfw3.lib(win32_window.c.obj) : error LNK2001: unresolved external symbol __imp__free
glfw3.lib(input.c.obj) : error LNK2001: unresolved external symbol __imp__free
glfw3.lib(win32_init.c.obj) : error LNK2001: unresolved external symbol __imp__free
glfw3.lib(win32_monitor.c.obj) : error LNK2001: unresolved external symbol _memset
glfw3.lib(win32_joystick.c.obj) : error LNK2001: unresolved external symbol _memset
glfw3.lib(window.c.obj) : error LNK2001: unresolved external symbol _memset
glfw3.lib(init.c.obj) : error LNK2001: unresolved external symbol _memset
glfw3.lib(win32_window.c.obj) : error LNK2001: unresolved external symbol _memset
glfw3.lib(win32_init.c.obj) : error LNK2001: unresolved external symbol _memset
glfw3.lib(win32_joystick.c.obj) : error LNK2001: unresolved external symbol __fltused
glfw3.lib(window.c.obj) : error LNK2001: unresolved external symbol __fltused
glfw3.lib(win32_window.c.obj) : error LNK2001: unresolved external symbol __fltused
glfw3.lib(input.c.obj) : error LNK2001: unresolved external symbol __fltused
glfw3.lib(monitor.c.obj) : error LNK2001: unresolved external symbol __fltused
glfw3.lib(init.c.obj) : error LNK2001: unresolved external symbol __imp____stdio_common_vsprintf
glfw3.lib(init.c.obj) : error LNK2001: unresolved external symbol __chkstk
glfw3.lib(win32_window.c.obj) : error LNK2001: unresolved external symbol __imp___strdup
glfw3.lib(monitor.c.obj) : error LNK2001: unresolved external symbol __imp___strdup
glfw3.lib(win32_joystick.c.obj) : error LNK2001: unresolved external symbol __imp___strdup
glfw3.lib(win32_window.c.obj) : error LNK2001: unresolved external symbol __dtoui3
glfw3.lib(input.c.obj) : error LNK2001: unresolved external symbol __dtoul3
glfw3.lib(input.c.obj) : error LNK2001: unresolved external symbol __ultod3
glfw3.lib(win32_monitor.c.obj) : error LNK2001: unresolved external symbol __imp__realloc
glfw3.lib(monitor.c.obj) : error LNK2001: unresolved external symbol __imp__qsort
glfw3.lib(win32_joystick.c.obj) : error LNK2001: unresolved external symbol __imp__qsort
glfw3.lib(monitor.c.obj) : error LNK2001: unresolved external symbol __libm_sse2_pow_precise
glfw3.lib(win32_joystick.c.obj) : error LNK2001: unresolved external symbol __libm_sse2_sqrt_precise
c:\users\lanc3\documents\visual studio 2015\Projects\Driver\Release\Driver.exe : fatal error LNK1120: 23 unresolved externals
